app/build/outputs/logs/manifest-merger-debug-report.txt
-- Merging decision tree log ---
manifest
ADDED from src\main\AndroidManifest.xml:1:39-16:12
	xmlns:android
		ADDED from src\main\AndroidManifest.xml:1:49-107
	package
		ADDED from src\main\AndroidManifest.xml:2:1-47
		INJECTED from src\main\AndroidManifest.xml
		INJECTED from src\main\AndroidManifest.xml
	android:versionName
		INJECTED from src\main\AndroidManifest.xml
		INJECTED from src\main\AndroidManifest.xml
	android:versionCode
		INJECTED from src\main\AndroidManifest.xml
		INJECTED from src\main\AndroidManifest.xml
application
ADDED from src\main\AndroidManifest.xml:4:1-14:15
MERGED from [com.android.support:appcompat-v7:22.2.1] AndroidManifest.xml:22:5-20
MERGED from [com.android.support:support-v4:22.2.1] AndroidManifest.xml:22:5-20
MERGED from [com.android.support:support-v4:22.2.1] AndroidManifest.xml:22:5-20
MERGED from [com.android.support:design:22.2.1] AndroidManifest.xml:22:5-20
MERGED from [com.android.support:appcompat-v7:22.2.1] AndroidManifest.xml:22:5-20
MERGED from [com.android.support:support-v4:22.2.1] AndroidManifest.xml:22:5-20
MERGED from [com.android.support:support-v4:22.2.1] AndroidManifest.xml:22:5-20
	android:label
		ADDED from src\main\AndroidManifest.xml:4:76-108
	android:allowBackup
		ADDED from src\main\AndroidManifest.xml:4:14-40
	android:icon
		ADDED from src\main\AndroidManifest.xml:4:41-75
	android:theme
		ADDED from src\main\AndroidManifest.xml:5:5-36
activity#com.example.czy.recyclerviewloadmore.MainActivity
ADDED from src\main\AndroidManifest.xml:6:5-13:16
	android:label
		ADDED from src\main\AndroidManifest.xml:6:44-76
	android:theme
		ADDED from src\main\AndroidManifest.xml:7:9-52
	android:name
		ADDED from src\main\AndroidManifest.xml:6:15-43
intent-filter#android.intent.action.MAIN+android.intent.category.LAUNCHER
ADDED from src\main\AndroidManifest.xml:8:9-12:25
action#android.intent.action.MAIN
ADDED from src\main\AndroidManifest.xml:9:13-65
	android:name
		ADDED from src\main\AndroidManifest.xml:9:21-62
category#android.intent.category.LAUNCHER
ADDED from src\main\AndroidManifest.xml:11:13-73
	android:name
		ADDED from src\main\AndroidManifest.xml:11:23-70
uses-sdk
INJECTED from src\main\AndroidManifest.xml reason: use-sdk injection requested
MERGED from [com.android.support:appcompat-v7:22.2.1] AndroidManifest.xml:20:5-43
MERGED from [com.android.support:support-v4:22.2.1] AndroidManifest.xml:20:5-43
MERGED from [com.android.support:recyclerview-v7:22.2.1] AndroidManifest.xml:20:5-43
MERGED from [com.android.support:support-v4:22.2.1] AndroidManifest.xml:20:5-43
MERGED from [com.android.support:design:22.2.1] AndroidManifest.xml:20:5-43
MERGED from [com.android.support:appcompat-v7:22.2.1] AndroidManifest.xml:20:5-43
MERGED from [com.android.support:support-v4:22.2.1] AndroidManifest.xml:20:5-43
MERGED from [com.android.support:support-v4:22.2.1] AndroidManifest.xml:20:5-43
	android:targetSdkVersion
		INJECTED from src\main\AndroidManifest.xml
		INJECTED from src\main\AndroidManifest.xml
	android:minSdkVersion
		INJECTED from src\main\AndroidManifest.xml
		INJECTED from src\main\AndroidManifest.xml